 WARN [main] 2017-04-10 09:33:41,007 URLConfigurationSource.java (line 122) No URLs will be polled as dynamic configuration sources.
 INFO [main] 2017-04-10 09:33:41,138 URLConfigurationSource.java (line 123) To enable URLs as dynamic configuration sources, define System property archaius.configurationSource.additionalUrls or make config.properties available on classpath.
 INFO [main] 2017-04-10 09:33:41,155 DynamicPropertyFactory.java (line 271) DynamicPropertyFactory is initialized with configuration sources: com.netflix.config.ConcurrentCompositeConfiguration@52af6cff
 INFO [main] 2017-04-10 09:33:41,232 KaryonServer.java (line 146) Loading application properties with app id: middletier and environment: null
 INFO [main] 2017-04-10 09:33:41,262 ConfigurationUtils.java (line 182) Loaded properties file jar:file:/home/polivier/Documents/AL/ESIR2_AL/middletierdockerbuild/rss-middletier-0.1.0-SNAPSHOT.jar!/middletier.properties
 INFO [main] 2017-04-10 09:33:43,147 Version.java (line 56) Hibernate Validator null
 INFO [main] 2017-04-10 09:33:43,169 ServerBootstrap.java (line 239) No health check invocation strategy specified, using the default strategy com.netflix.karyon.server.eureka.AsyncHealthCheckInvocationStrategy. In order to override this behavior you provide an implementation of com.netflix.karyon.server.eureka.HealthCheckInvocationStrategy and specify the fully qualified class name of the implementation in the property com.netflix.karyon.health.check.strategy
 INFO [main] 2017-04-10 09:33:43,200 AsyncHealthCheckInvocationStrategy.java (line 77) Application health check handler to be used by karyon: com.netflix.recipes.rss.manager.MiddleTierHealthCheckHandler
 INFO [main] 2017-04-10 09:33:44,908 NettyServer.java (line 163) Started netty server 0.0.0.0:9191
 WARN [main] 2017-04-10 09:33:44,979 PropertiesInstanceConfig.java (line 338) Cannot find the properties specified : eureka-client. This may be okay if there are other environment specific properties or the configuration is installed with a different mechanism.
 WARN [main] 2017-04-10 09:33:44,981 DefaultEurekaClientConfig.java (line 89) Cannot find the properties specified : eureka-client. This may be okay if there are other environment specific properties or the configuration is installed with a different mechanism.
 INFO [main] 2017-04-10 09:33:45,292 DiscoveryClient.java (line 553) Disable delta property : false
 INFO [main] 2017-04-10 09:33:45,293 DiscoveryClient.java (line 555) Application is null : false
 INFO [main] 2017-04-10 09:33:45,293 DiscoveryClient.java (line 557) Registered Applications size is zero : true
 INFO [main] 2017-04-10 09:33:45,294 DiscoveryClient.java (line 560) Application version is -1: true
 WARN [main] 2017-04-10 09:33:45,394 DiscoveryClient.java (line 830) Action: Refresh  => returned status of 404 from http://localhost:8080/eureka/v2apps/
ERROR [main] 2017-04-10 09:33:45,395 DiscoveryClient.java (line 847) Can't get a response from http://localhost:8080/eureka/v2apps/
Can't contact any eureka nodes - possibly a security group issue?
java.lang.RuntimeException: Bad status: 404
	at com.netflix.discovery.DiscoveryClient.makeRemoteCall(DiscoveryClient.java:833)
	at com.netflix.discovery.DiscoveryClient.makeRemoteCall(DiscoveryClient.java:753)
	at com.netflix.discovery.DiscoveryClient.getAndStoreFullRegistry(DiscoveryClient.java:615)
	at com.netflix.discovery.DiscoveryClient.fetchRegistry(DiscoveryClient.java:562)
	at com.netflix.discovery.DiscoveryClient.<init>(DiscoveryClient.java:199)
	at com.netflix.discovery.DiscoveryManager.initComponent(DiscoveryManager.java:73)
	at com.netflix.karyon.server.eureka.EurekaHandler.register(EurekaHandler.java:115)
	at com.netflix.karyon.server.lifecycle.ServerInitializer.initialize(ServerInitializer.java:69)
	at com.netflix.karyon.server.KaryonServer.start(KaryonServer.java:189)
	at com.netflix.recipes.rss.server.BaseNettyServer.start(BaseNettyServer.java:76)
	at com.netflix.recipes.rss.server.MiddleTierServer.main(MiddleTierServer.java:32)
ERROR [main] 2017-04-10 09:33:45,395 DiscoveryClient.java (line 590) DiscoveryClient_MIDDLETIER/localhost.localdomain - was unable to refresh it's cache! status = Bad status: 404
java.lang.RuntimeException: Bad status: 404
	at com.netflix.discovery.DiscoveryClient.makeRemoteCall(DiscoveryClient.java:833)
	at com.netflix.discovery.DiscoveryClient.makeRemoteCall(DiscoveryClient.java:753)
	at com.netflix.discovery.DiscoveryClient.getAndStoreFullRegistry(DiscoveryClient.java:615)
	at com.netflix.discovery.DiscoveryClient.fetchRegistry(DiscoveryClient.java:562)
	at com.netflix.discovery.DiscoveryClient.<init>(DiscoveryClient.java:199)
	at com.netflix.discovery.DiscoveryManager.initComponent(DiscoveryManager.java:73)
	at com.netflix.karyon.server.eureka.EurekaHandler.register(EurekaHandler.java:115)
	at com.netflix.karyon.server.lifecycle.ServerInitializer.initialize(ServerInitializer.java:69)
	at com.netflix.karyon.server.KaryonServer.start(KaryonServer.java:189)
	at com.netflix.recipes.rss.server.BaseNettyServer.start(BaseNettyServer.java:76)
	at com.netflix.recipes.rss.server.MiddleTierServer.main(MiddleTierServer.java:32)
 INFO [main] 2017-04-10 09:33:45,396 DiscoveryClient.java (line 886) Starting heartbeat executor: renew interval is: 30
 INFO [main] 2017-04-10 09:33:45,410 ServerInitializer.java (line 74) Initializing component class: com.netflix.adminresources.resources.WebAdminComponent
 INFO [main] 2017-04-10 09:33:45,413 WebAdminComponent.java (line 46) Set the default page for admin container to: /adminres/webadmin/index.html
 INFO [main] 2017-04-10 09:33:45,414 ServerInitializer.java (line 77) Successfully initialized component class: com.netflix.adminresources.resources.WebAdminComponent
 INFO [main] 2017-04-10 09:33:45,415 ServerInitializer.java (line 74) Initializing component class: com.netflix.adminresources.AdminResourcesContainer
 INFO [main] 2017-04-10 09:33:45,466 Server.java (line 266) jetty-7.x.y-SNAPSHOT
 INFO [main] 2017-04-10 09:33:45,490 ContextHandler.java (line 744) started o.e.j.s.ServletContextHandler{/,null}
 INFO [main] 2017-04-10 09:33:45,504 AbstractConnector.java (line 338) Started SelectChannelConnector@0.0.0.0:9192
 INFO [main] 2017-04-10 09:33:45,509 ServerInitializer.java (line 77) Successfully initialized component class: com.netflix.adminresources.AdminResourcesContainer
 INFO [main] 2017-04-10 09:33:45,511 ApplicationFinder.java (line 88) No application classes (Annotated with @Application) found. It is fine if you do not use the annotation model for applications.
 INFO [main] 2017-04-10 09:33:45,512 ServerInitializer.java (line 86) No application classes found, this is fine if the application class is not annotated.
 INFO [DiscoveryClient_CacheRefresher] 2017-04-10 09:34:15,396 DiscoveryClient.java (line 553) Disable delta property : false
 INFO [DiscoveryClient_CacheRefresher] 2017-04-10 09:34:15,397 DiscoveryClient.java (line 555) Application is null : false
 INFO [DiscoveryClient_CacheRefresher] 2017-04-10 09:34:15,398 DiscoveryClient.java (line 557) Registered Applications size is zero : true
 INFO [DiscoveryClient_CacheRefresher] 2017-04-10 09:34:15,398 DiscoveryClient.java (line 560) Application version is -1: true
 WARN [DiscoveryClient_CacheRefresher] 2017-04-10 09:34:15,406 DiscoveryClient.java (line 830) Action: Refresh  => returned status of 404 from http://localhost:8080/eureka/v2apps/
ERROR [DiscoveryClient_CacheRefresher] 2017-04-10 09:34:15,406 DiscoveryClient.java (line 847) Can't get a response from http://localhost:8080/eureka/v2apps/
Can't contact any eureka nodes - possibly a security group issue?
java.lang.RuntimeException: Bad status: 404
	at com.netflix.discovery.DiscoveryClient.makeRemoteCall(DiscoveryClient.java:833)
	at com.netflix.discovery.DiscoveryClient.makeRemoteCall(DiscoveryClient.java:753)
	at com.netflix.discovery.DiscoveryClient.getAndStoreFullRegistry(DiscoveryClient.java:615)
	at com.netflix.discovery.DiscoveryClient.fetchRegistry(DiscoveryClient.java:562)
	at com.netflix.discovery.DiscoveryClient.access$1200(DiscoveryClient.java:87)
	at com.netflix.discovery.DiscoveryClient$CacheRefreshThread.run(DiscoveryClient.java:1317)
	at java.util.TimerThread.mainLoop(Timer.java:555)
	at java.util.TimerThread.run(Timer.java:505)
ERROR [DiscoveryClient_CacheRefresher] 2017-04-10 09:34:15,406 DiscoveryClient.java (line 590) DiscoveryClient_MIDDLETIER/localhost.localdomain - was unable to refresh it's cache! status = Bad status: 404
java.lang.RuntimeException: Bad status: 404
	at com.netflix.discovery.DiscoveryClient.makeRemoteCall(DiscoveryClient.java:833)
	at com.netflix.discovery.DiscoveryClient.makeRemoteCall(DiscoveryClient.java:753)
	at com.netflix.discovery.DiscoveryClient.getAndStoreFullRegistry(DiscoveryClient.java:615)
	at com.netflix.discovery.DiscoveryClient.fetchRegistry(DiscoveryClient.java:562)
	at com.netflix.discovery.DiscoveryClient.access$1200(DiscoveryClient.java:87)
	at com.netflix.discovery.DiscoveryClient$CacheRefreshThread.run(DiscoveryClient.java:1317)
	at java.util.TimerThread.mainLoop(Timer.java:555)
	at java.util.TimerThread.run(Timer.java:505)
 INFO [DiscoveryClient_Heartbeat] 2017-04-10 09:34:15,407 DiscoveryClient.java (line 1222) DiscoveryClient_MIDDLETIER/localhost.localdomain - Re-registering apps/MIDDLETIER
 INFO [DiscoveryClient_Heartbeat] 2017-04-10 09:34:15,408 DiscoveryClient.java (line 424) DiscoveryClient_MIDDLETIER/localhost.localdomain: registering service...
 INFO [DiscoveryClient_Heartbeat] 2017-04-10 09:34:15,510 DiscoveryClient.java (line 429) DiscoveryClient_MIDDLETIER/localhost.localdomain - registration status: 204
 INFO [DiscoveryClient_InstanceInfo-Replictor] 2017-04-10 09:34:25,403 DiscoveryClient.java (line 1283) DiscoveryClient_MIDDLETIER/localhost.localdomain - retransmit instance info with status UP
 INFO [DiscoveryClient_InstanceInfo-Replictor] 2017-04-10 09:34:25,404 DiscoveryClient.java (line 424) DiscoveryClient_MIDDLETIER/localhost.localdomain: registering service...
 INFO [DiscoveryClient_InstanceInfo-Replictor] 2017-04-10 09:34:25,422 DiscoveryClient.java (line 429) DiscoveryClient_MIDDLETIER/localhost.localdomain - registration status: 204
 INFO [DiscoveryClient_CacheRefresher] 2017-04-10 09:34:45,396 DiscoveryClient.java (line 553) Disable delta property : false
 INFO [DiscoveryClient_CacheRefresher] 2017-04-10 09:34:45,397 DiscoveryClient.java (line 555) Application is null : false
 INFO [DiscoveryClient_CacheRefresher] 2017-04-10 09:34:45,397 DiscoveryClient.java (line 557) Registered Applications size is zero : true
 INFO [DiscoveryClient_CacheRefresher] 2017-04-10 09:34:45,398 DiscoveryClient.java (line 560) Application version is -1: true
 INFO [DiscoveryClient_Heartbeat] 2017-04-10 09:34:45,402 DiscoveryClient.java (line 1222) DiscoveryClient_MIDDLETIER/localhost.localdomain - Re-registering apps/MIDDLETIER
 WARN [DiscoveryClient_CacheRefresher] 2017-04-10 09:34:45,402 DiscoveryClient.java (line 830) Action: Refresh  => returned status of 404 from http://localhost:8080/eureka/v2apps/
 INFO [DiscoveryClient_Heartbeat] 2017-04-10 09:34:45,403 DiscoveryClient.java (line 424) DiscoveryClient_MIDDLETIER/localhost.localdomain: registering service...
ERROR [DiscoveryClient_CacheRefresher] 2017-04-10 09:34:45,403 DiscoveryClient.java (line 847) Can't get a response from http://localhost:8080/eureka/v2apps/
Can't contact any eureka nodes - possibly a security group issue?
java.lang.RuntimeException: Bad status: 404
	at com.netflix.discovery.DiscoveryClient.makeRemoteCall(DiscoveryClient.java:833)
	at com.netflix.discovery.DiscoveryClient.makeRemoteCall(DiscoveryClient.java:753)
	at com.netflix.discovery.DiscoveryClient.getAndStoreFullRegistry(DiscoveryClient.java:615)
	at com.netflix.discovery.DiscoveryClient.fetchRegistry(DiscoveryClient.java:562)
	at com.netflix.discovery.DiscoveryClient.access$1200(DiscoveryClient.java:87)
	at com.netflix.discovery.DiscoveryClient$CacheRefreshThread.run(DiscoveryClient.java:1317)
	at java.util.TimerThread.mainLoop(Timer.java:555)
	at java.util.TimerThread.run(Timer.java:505)
ERROR [DiscoveryClient_CacheRefresher] 2017-04-10 09:34:45,403 DiscoveryClient.java (line 590) DiscoveryClient_MIDDLETIER/localhost.localdomain - was unable to refresh it's cache! status = Bad status: 404
java.lang.RuntimeException: Bad status: 404
	at com.netflix.discovery.DiscoveryClient.makeRemoteCall(DiscoveryClient.java:833)
	at com.netflix.discovery.DiscoveryClient.makeRemoteCall(DiscoveryClient.java:753)
	at com.netflix.discovery.DiscoveryClient.getAndStoreFullRegistry(DiscoveryClient.java:615)
	at com.netflix.discovery.DiscoveryClient.fetchRegistry(DiscoveryClient.java:562)
	at com.netflix.discovery.DiscoveryClient.access$1200(DiscoveryClient.java:87)
	at com.netflix.discovery.DiscoveryClient$CacheRefreshThread.run(DiscoveryClient.java:1317)
	at java.util.TimerThread.mainLoop(Timer.java:555)
	at java.util.TimerThread.run(Timer.java:505)
 INFO [DiscoveryClient_Heartbeat] 2017-04-10 09:34:45,415 DiscoveryClient.java (line 429) DiscoveryClient_MIDDLETIER/localhost.localdomain - registration status: 204
 INFO [DiscoveryClient_CacheRefresher] 2017-04-10 09:35:15,396 DiscoveryClient.java (line 553) Disable delta property : false
 INFO [DiscoveryClient_CacheRefresher] 2017-04-10 09:35:15,397 DiscoveryClient.java (line 555) Application is null : false
 INFO [DiscoveryClient_CacheRefresher] 2017-04-10 09:35:15,397 DiscoveryClient.java (line 557) Registered Applications size is zero : true
 INFO [DiscoveryClient_CacheRefresher] 2017-04-10 09:35:15,397 DiscoveryClient.java (line 560) Application version is -1: true
 WARN [DiscoveryClient_CacheRefresher] 2017-04-10 09:35:15,402 DiscoveryClient.java (line 830) Action: Refresh  => returned status of 404 from http://localhost:8080/eureka/v2apps/
ERROR [DiscoveryClient_CacheRefresher] 2017-04-10 09:35:15,402 DiscoveryClient.java (line 847) Can't get a response from http://localhost:8080/eureka/v2apps/
Can't contact any eureka nodes - possibly a security group issue?
java.lang.RuntimeException: Bad status: 404
	at com.netflix.discovery.DiscoveryClient.makeRemoteCall(DiscoveryClient.java:833)
	at com.netflix.discovery.DiscoveryClient.makeRemoteCall(DiscoveryClient.java:753)
	at com.netflix.discovery.DiscoveryClient.getAndStoreFullRegistry(DiscoveryClient.java:615)
	at com.netflix.discovery.DiscoveryClient.fetchRegistry(DiscoveryClient.java:562)
	at com.netflix.discovery.DiscoveryClient.access$1200(DiscoveryClient.java:87)
	at com.netflix.discovery.DiscoveryClient$CacheRefreshThread.run(DiscoveryClient.java:1317)
	at java.util.TimerThread.mainLoop(Timer.java:555)
	at java.util.TimerThread.run(Timer.java:505)
ERROR [DiscoveryClient_CacheRefresher] 2017-04-10 09:35:15,403 DiscoveryClient.java (line 590) DiscoveryClient_MIDDLETIER/localhost.localdomain - was unable to refresh it's cache! status = Bad status: 404
java.lang.RuntimeException: Bad status: 404
	at com.netflix.discovery.DiscoveryClient.makeRemoteCall(DiscoveryClient.java:833)
	at com.netflix.discovery.DiscoveryClient.makeRemoteCall(DiscoveryClient.java:753)
	at com.netflix.discovery.DiscoveryClient.getAndStoreFullRegistry(DiscoveryClient.java:615)
	at com.netflix.discovery.DiscoveryClient.fetchRegistry(DiscoveryClient.java:562)
	at com.netflix.discovery.DiscoveryClient.access$1200(DiscoveryClient.java:87)
	at com.netflix.discovery.DiscoveryClient$CacheRefreshThread.run(DiscoveryClient.java:1317)
	at java.util.TimerThread.mainLoop(Timer.java:555)
	at java.util.TimerThread.run(Timer.java:505)
 INFO [DiscoveryClient_CacheRefresher] 2017-04-10 09:35:45,396 DiscoveryClient.java (line 553) Disable delta property : false
 INFO [DiscoveryClient_CacheRefresher] 2017-04-10 09:35:45,397 DiscoveryClient.java (line 555) Application is null : false
 INFO [DiscoveryClient_CacheRefresher] 2017-04-10 09:35:45,397 DiscoveryClient.java (line 557) Registered Applications size is zero : true
 INFO [DiscoveryClient_CacheRefresher] 2017-04-10 09:35:45,397 DiscoveryClient.java (line 560) Application version is -1: true
 WARN [DiscoveryClient_CacheRefresher] 2017-04-10 09:35:45,400 DiscoveryClient.java (line 830) Action: Refresh  => returned status of 404 from http://localhost:8080/eureka/v2apps/
ERROR [DiscoveryClient_CacheRefresher] 2017-04-10 09:35:45,401 DiscoveryClient.java (line 847) Can't get a response from http://localhost:8080/eureka/v2apps/
Can't contact any eureka nodes - possibly a security group issue?
java.lang.RuntimeException: Bad status: 404
	at com.netflix.discovery.DiscoveryClient.makeRemoteCall(DiscoveryClient.java:833)
	at com.netflix.discovery.DiscoveryClient.makeRemoteCall(DiscoveryClient.java:753)
	at com.netflix.discovery.DiscoveryClient.getAndStoreFullRegistry(DiscoveryClient.java:615)
	at com.netflix.discovery.DiscoveryClient.fetchRegistry(DiscoveryClient.java:562)
	at com.netflix.discovery.DiscoveryClient.access$1200(DiscoveryClient.java:87)
	at com.netflix.discovery.DiscoveryClient$CacheRefreshThread.run(DiscoveryClient.java:1317)
	at java.util.TimerThread.mainLoop(Timer.java:555)
	at java.util.TimerThread.run(Timer.java:505)
ERROR [DiscoveryClient_CacheRefresher] 2017-04-10 09:35:45,401 DiscoveryClient.java (line 590) DiscoveryClient_MIDDLETIER/localhost.localdomain - was unable to refresh it's cache! status = Bad status: 404
java.lang.RuntimeException: Bad status: 404
	at com.netflix.discovery.DiscoveryClient.makeRemoteCall(DiscoveryClient.java:833)
	at com.netflix.discovery.DiscoveryClient.makeRemoteCall(DiscoveryClient.java:753)
	at com.netflix.discovery.DiscoveryClient.getAndStoreFullRegistry(DiscoveryClient.java:615)
	at com.netflix.discovery.DiscoveryClient.fetchRegistry(DiscoveryClient.java:562)
	at com.netflix.discovery.DiscoveryClient.access$1200(DiscoveryClient.java:87)
	at com.netflix.discovery.DiscoveryClient$CacheRefreshThread.run(DiscoveryClient.java:1317)
	at java.util.TimerThread.mainLoop(Timer.java:555)
	at java.util.TimerThread.run(Timer.java:505)
 INFO [DiscoveryClient_CacheRefresher] 2017-04-10 09:36:15,397 DiscoveryClient.java (line 553) Disable delta property : false
 INFO [DiscoveryClient_CacheRefresher] 2017-04-10 09:36:15,399 DiscoveryClient.java (line 555) Application is null : false
 INFO [DiscoveryClient_CacheRefresher] 2017-04-10 09:36:15,400 DiscoveryClient.java (line 557) Registered Applications size is zero : true
 INFO [DiscoveryClient_CacheRefresher] 2017-04-10 09:36:15,401 DiscoveryClient.java (line 560) Application version is -1: true
 WARN [DiscoveryClient_CacheRefresher] 2017-04-10 09:36:15,407 DiscoveryClient.java (line 830) Action: Refresh  => returned status of 404 from http://localhost:8080/eureka/v2apps/
ERROR [DiscoveryClient_CacheRefresher] 2017-04-10 09:36:15,408 DiscoveryClient.java (line 847) Can't get a response from http://localhost:8080/eureka/v2apps/
Can't contact any eureka nodes - possibly a security group issue?
java.lang.RuntimeException: Bad status: 404
	at com.netflix.discovery.DiscoveryClient.makeRemoteCall(DiscoveryClient.java:833)
	at com.netflix.discovery.DiscoveryClient.makeRemoteCall(DiscoveryClient.java:753)
	at com.netflix.discovery.DiscoveryClient.getAndStoreFullRegistry(DiscoveryClient.java:615)
	at com.netflix.discovery.DiscoveryClient.fetchRegistry(DiscoveryClient.java:562)
	at com.netflix.discovery.DiscoveryClient.access$1200(DiscoveryClient.java:87)
	at com.netflix.discovery.DiscoveryClient$CacheRefreshThread.run(DiscoveryClient.java:1317)
	at java.util.TimerThread.mainLoop(Timer.java:555)
	at java.util.TimerThread.run(Timer.java:505)
ERROR [DiscoveryClient_CacheRefresher] 2017-04-10 09:36:15,408 DiscoveryClient.java (line 590) DiscoveryClient_MIDDLETIER/localhost.localdomain - was unable to refresh it's cache! status = Bad status: 404
java.lang.RuntimeException: Bad status: 404
	at com.netflix.discovery.DiscoveryClient.makeRemoteCall(DiscoveryClient.java:833)
	at com.netflix.discovery.DiscoveryClient.makeRemoteCall(DiscoveryClient.java:753)
	at com.netflix.discovery.DiscoveryClient.getAndStoreFullRegistry(DiscoveryClient.java:615)
	at com.netflix.discovery.DiscoveryClient.fetchRegistry(DiscoveryClient.java:562)
	at com.netflix.discovery.DiscoveryClient.access$1200(DiscoveryClient.java:87)
	at com.netflix.discovery.DiscoveryClient$CacheRefreshThread.run(DiscoveryClient.java:1317)
	at java.util.TimerThread.mainLoop(Timer.java:555)
	at java.util.TimerThread.run(Timer.java:505)
 INFO [DiscoveryClient_CacheRefresher] 2017-04-10 09:36:45,397 DiscoveryClient.java (line 553) Disable delta property : false
 INFO [DiscoveryClient_CacheRefresher] 2017-04-10 09:36:45,397 DiscoveryClient.java (line 555) Application is null : false
 INFO [DiscoveryClient_CacheRefresher] 2017-04-10 09:36:45,398 DiscoveryClient.java (line 557) Registered Applications size is zero : true
 INFO [DiscoveryClient_CacheRefresher] 2017-04-10 09:36:45,399 DiscoveryClient.java (line 560) Application version is -1: true
 WARN [DiscoveryClient_CacheRefresher] 2017-04-10 09:36:45,403 DiscoveryClient.java (line 830) Action: Refresh  => returned status of 404 from http://localhost:8080/eureka/v2apps/
ERROR [DiscoveryClient_CacheRefresher] 2017-04-10 09:36:45,404 DiscoveryClient.java (line 847) Can't get a response from http://localhost:8080/eureka/v2apps/
Can't contact any eureka nodes - possibly a security group issue?
java.lang.RuntimeException: Bad status: 404
	at com.netflix.discovery.DiscoveryClient.makeRemoteCall(DiscoveryClient.java:833)
	at com.netflix.discovery.DiscoveryClient.makeRemoteCall(DiscoveryClient.java:753)
	at com.netflix.discovery.DiscoveryClient.getAndStoreFullRegistry(DiscoveryClient.java:615)
	at com.netflix.discovery.DiscoveryClient.fetchRegistry(DiscoveryClient.java:562)
	at com.netflix.discovery.DiscoveryClient.access$1200(DiscoveryClient.java:87)
	at com.netflix.discovery.DiscoveryClient$CacheRefreshThread.run(DiscoveryClient.java:1317)
	at java.util.TimerThread.mainLoop(Timer.java:555)
	at java.util.TimerThread.run(Timer.java:505)
ERROR [DiscoveryClient_CacheRefresher] 2017-04-10 09:36:45,404 DiscoveryClient.java (line 590) DiscoveryClient_MIDDLETIER/localhost.localdomain - was unable to refresh it's cache! status = Bad status: 404
java.lang.RuntimeException: Bad status: 404
	at com.netflix.discovery.DiscoveryClient.makeRemoteCall(DiscoveryClient.java:833)
	at com.netflix.discovery.DiscoveryClient.makeRemoteCall(DiscoveryClient.java:753)
	at com.netflix.discovery.DiscoveryClient.getAndStoreFullRegistry(DiscoveryClient.java:615)
	at com.netflix.discovery.DiscoveryClient.fetchRegistry(DiscoveryClient.java:562)
	at com.netflix.discovery.DiscoveryClient.access$1200(DiscoveryClient.java:87)
	at com.netflix.discovery.DiscoveryClient$CacheRefreshThread.run(DiscoveryClient.java:1317)
	at java.util.TimerThread.mainLoop(Timer.java:555)
	at java.util.TimerThread.run(Timer.java:505)
